<?xml version="1.0" encoding="UTF-8"?>
<testsuite name="CalculatorTest" tests="1" skipped="0" failures="0" errors="0" timestamp="2019-05-23T18:29:23" hostname="LAPTOP-52G9HK9F" time="0.046">
  <properties/>
  <testcase name="DivideNumbers" classname="CalculatorTest" time="0.046"/>
  <system-out><![CDATA[]]></system-out>
  <system-err><![CDATA[]]></system-err>
</testsuite>
